::1 - - [31/Aug/2016:11:53:15 +0800] "GET /cc/ HTTP/1.1" 200 2407
127.0.0.1 - - [31/Aug/2016:11:53:15 +0800] "GET /cc/resources/kurumi.png HTTP/1.1" 304 -
::1 - - [31/Aug/2016:11:53:15 +0800] "GET /cc/css/style.css HTTP/1.1" 304 -
::1 - - [31/Aug/2016:11:53:15 +0800] "GET /cc/resources/btn_home.png HTTP/1.1" 304 -
127.0.0.1 - - [31/Aug/2016:11:53:15 +0800] "GET /cc/resources/btn_chat.png HTTP/1.1" 304 -
::1 - - [31/Aug/2016:11:53:15 +0800] "GET /cc/resources/btn_people.png HTTP/1.1" 304 -
127.0.0.1 - - [31/Aug/2016:11:53:15 +0800] "GET /cc/resources/btn_tip.png HTTP/1.1" 304 -
::1 - - [31/Aug/2016:11:53:15 +0800] "GET /cc/resources/btn_project.png HTTP/1.1" 304 -
::1 - - [31/Aug/2016:11:53:15 +0800] "GET /cc/resources/btn_banking.png HTTP/1.1" 304 -
::1 - - [31/Aug/2016:11:53:15 +0800] "GET /cc/resources/btn_hr.png HTTP/1.1" 304 -
127.0.0.1 - - [31/Aug/2016:11:53:15 +0800] "GET /cc/resources/btn_vendor.png HTTP/1.1" 304 -
::1 - - [31/Aug/2016:11:55:08 +0800] "GET /Cloud_Cheetah_Website_Updated/vendors/bootstrap/dist/css/bootstrap.min.css.map HTTP/1.1" 200 54416
::1 - - [31/Aug/2016:11:55:56 +0800] "GET /cc/ HTTP/1.1" 200 2407
::1 - - [31/Aug/2016:11:55:56 +0800] "GET /cc/css/style.css HTTP/1.1" 200 4610
::1 - - [31/Aug/2016:11:55:56 +0800] "GET /cc/resources/kurumi.png HTTP/1.1" 304 -
::1 - - [31/Aug/2016:11:55:56 +0800] "GET /cc/resources/btn_home.png HTTP/1.1" 304 -
::1 - - [31/Aug/2016:11:55:56 +0800] "GET /cc/resources/btn_chat.png HTTP/1.1" 304 -
::1 - - [31/Aug/2016:11:55:56 +0800] "GET /cc/resources/btn_people.png HTTP/1.1" 304 -
::1 - - [31/Aug/2016:11:55:56 +0800] "GET /cc/resources/btn_project.png HTTP/1.1" 304 -
::1 - - [31/Aug/2016:11:55:56 +0800] "GET /cc/resources/btn_tip.png HTTP/1.1" 304 -
::1 - - [31/Aug/2016:11:55:56 +0800] "GET /cc/resources/btn_vendor.png HTTP/1.1" 304 -
::1 - - [31/Aug/2016:11:55:56 +0800] "GET /cc/resources/btn_hr.png HTTP/1.1" 304 -
::1 - - [31/Aug/2016:11:55:56 +0800] "GET /cc/resources/btn_banking.png HTTP/1.1" 304 -
::1 - - [31/Aug/2016:11:56:35 +0800] "GET /cc/ HTTP/1.1" 200 2407
::1 - - [31/Aug/2016:11:56:35 +0800] "GET /cc/css/style.css HTTP/1.1" 200 4610
::1 - - [31/Aug/2016:11:56:35 +0800] "GET /cc/resources/kurumi.png HTTP/1.1" 304 -
::1 - - [31/Aug/2016:11:56:35 +0800] "GET /cc/resources/btn_home.png HTTP/1.1" 304 -
::1 - - [31/Aug/2016:11:56:35 +0800] "GET /cc/resources/btn_chat.png HTTP/1.1" 304 -
::1 - - [31/Aug/2016:11:56:35 +0800] "GET /cc/resources/btn_people.png HTTP/1.1" 304 -
::1 - - [31/Aug/2016:11:56:35 +0800] "GET /cc/resources/btn_project.png HTTP/1.1" 304 -
::1 - - [31/Aug/2016:11:56:35 +0800] "GET /cc/resources/btn_tip.png HTTP/1.1" 304 -
::1 - - [31/Aug/2016:11:56:35 +0800] "GET /cc/resources/btn_banking.png HTTP/1.1" 304 -
::1 - - [31/Aug/2016:11:56:35 +0800] "GET /cc/resources/btn_vendor.png HTTP/1.1" 304 -
::1 - - [31/Aug/2016:11:56:35 +0800] "GET /cc/resources/btn_hr.png HTTP/1.1" 304 -
::1 - - [31/Aug/2016:12:00:22 +0800] "GET /cc/ HTTP/1.1" 200 2407
::1 - - [31/Aug/2016:12:00:22 +0800] "GET /cc/css/style.css HTTP/1.1" 200 4610
::1 - - [31/Aug/2016:12:00:22 +0800] "GET /cc/resources/kurumi.png HTTP/1.1" 304 -
::1 - - [31/Aug/2016:12:00:22 +0800] "GET /cc/resources/btn_home.png HTTP/1.1" 304 -
::1 - - [31/Aug/2016:12:00:22 +0800] "GET /cc/resources/btn_chat.png HTTP/1.1" 304 -
::1 - - [31/Aug/2016:12:00:22 +0800] "GET /cc/resources/btn_people.png HTTP/1.1" 304 -
::1 - - [31/Aug/2016:12:00:22 +0800] "GET /cc/resources/btn_project.png HTTP/1.1" 304 -
::1 - - [31/Aug/2016:12:00:22 +0800] "GET /cc/resources/btn_tip.png HTTP/1.1" 304 -
::1 - - [31/Aug/2016:12:00:22 +0800] "GET /cc/resources/btn_banking.png HTTP/1.1" 304 -
::1 - - [31/Aug/2016:12:00:22 +0800] "GET /cc/resources/btn_vendor.png HTTP/1.1" 304 -
::1 - - [31/Aug/2016:12:00:22 +0800] "GET /cc/resources/btn_hr.png HTTP/1.1" 304 -
::1 - - [31/Aug/2016:12:00:40 +0800] "GET /cc/ HTTP/1.1" 200 2407
::1 - - [31/Aug/2016:12:00:40 +0800] "GET /cc/css/style.css HTTP/1.1" 200 4610
::1 - - [31/Aug/2016:12:00:40 +0800] "GET /cc/resources/kurumi.png HTTP/1.1" 304 -
::1 - - [31/Aug/2016:12:00:40 +0800] "GET /cc/resources/btn_home.png HTTP/1.1" 304 -
::1 - - [31/Aug/2016:12:00:41 +0800] "GET /cc/resources/btn_chat.png HTTP/1.1" 304 -
::1 - - [31/Aug/2016:12:00:41 +0800] "GET /cc/resources/btn_people.png HTTP/1.1" 304 -
::1 - - [31/Aug/2016:12:00:41 +0800] "GET /cc/resources/btn_project.png HTTP/1.1" 304 -
::1 - - [31/Aug/2016:12:00:41 +0800] "GET /cc/resources/btn_tip.png HTTP/1.1" 304 -
::1 - - [31/Aug/2016:12:00:41 +0800] "GET /cc/resources/btn_vendor.png HTTP/1.1" 304 -
::1 - - [31/Aug/2016:12:00:41 +0800] "GET /cc/resources/btn_banking.png HTTP/1.1" 304 -
::1 - - [31/Aug/2016:12:00:41 +0800] "GET /cc/resources/btn_hr.png HTTP/1.1" 304 -
::1 - - [31/Aug/2016:12:00:46 +0800] "GET /cc/ HTTP/1.1" 200 2407
::1 - - [31/Aug/2016:12:00:46 +0800] "GET /cc/css/style.css HTTP/1.1" 200 4610
::1 - - [31/Aug/2016:12:00:46 +0800] "GET /cc/resources/kurumi.png HTTP/1.1" 304 -
::1 - - [31/Aug/2016:12:00:46 +0800] "GET /cc/resources/btn_home.png HTTP/1.1" 304 -
::1 - - [31/Aug/2016:12:00:46 +0800] "GET /cc/resources/btn_chat.png HTTP/1.1" 304 -
::1 - - [31/Aug/2016:12:00:46 +0800] "GET /cc/resources/btn_people.png HTTP/1.1" 304 -
::1 - - [31/Aug/2016:12:00:46 +0800] "GET /cc/resources/btn_project.png HTTP/1.1" 304 -
::1 - - [31/Aug/2016:12:00:46 +0800] "GET /cc/resources/btn_tip.png HTTP/1.1" 304 -
::1 - - [31/Aug/2016:12:00:46 +0800] "GET /cc/resources/btn_banking.png HTTP/1.1" 304 -
::1 - - [31/Aug/2016:12:00:46 +0800] "GET /cc/resources/btn_hr.png HTTP/1.1" 304 -
::1 - - [31/Aug/2016:12:00:46 +0800] "GET /cc/resources/btn_vendor.png HTTP/1.1" 304 -
::1 - - [31/Aug/2016:12:00:58 +0800] "GET /cc/ HTTP/1.1" 200 2407
::1 - - [31/Aug/2016:12:00:58 +0800] "GET /cc/css/style.css HTTP/1.1" 200 4611
::1 - - [31/Aug/2016:12:00:58 +0800] "GET /cc/resources/kurumi.png HTTP/1.1" 304 -
::1 - - [31/Aug/2016:12:00:58 +0800] "GET /cc/resources/btn_home.png HTTP/1.1" 304 -
::1 - - [31/Aug/2016:12:00:58 +0800] "GET /cc/resources/btn_chat.png HTTP/1.1" 304 -
::1 - - [31/Aug/2016:12:00:58 +0800] "GET /cc/resources/btn_people.png HTTP/1.1" 304 -
::1 - - [31/Aug/2016:12:00:58 +0800] "GET /cc/resources/btn_project.png HTTP/1.1" 304 -
::1 - - [31/Aug/2016:12:00:58 +0800] "GET /cc/resources/btn_banking.png HTTP/1.1" 304 -
::1 - - [31/Aug/2016:12:00:58 +0800] "GET /cc/resources/btn_tip.png HTTP/1.1" 304 -
::1 - - [31/Aug/2016:12:00:58 +0800] "GET /cc/resources/btn_vendor.png HTTP/1.1" 304 -
::1 - - [31/Aug/2016:12:00:58 +0800] "GET /cc/resources/btn_hr.png HTTP/1.1" 304 -
::1 - - [31/Aug/2016:12:23:52 +0800] "GET /Cloud_Cheetah_Website_Updated/production/index.html HTTP/1.1" 200 9686
::1 - - [31/Aug/2016:12:23:56 +0800] "GET /Cloud_Cheetah_Website_Updated/production/tables.html HTTP/1.1" 200 35356
::1 - - [31/Aug/2016:12:23:56 +0800] "GET /Cloud_Cheetah_Website_Updated/vendors/datatables.net-fixedheader-bs/css/fixedHeader.bootstrap.min.css HTTP/1.1" 200 328
::1 - - [31/Aug/2016:12:23:56 +0800] "GET /Cloud_Cheetah_Website_Updated/vendors/datatables.net-scroller-bs/css/scroller.bootstrap.min.css HTTP/1.1" 200 414
::1 - - [31/Aug/2016:12:23:56 +0800] "GET /Cloud_Cheetah_Website_Updated/vendors/datatables.net-buttons-bs/css/buttons.bootstrap.min.css HTTP/1.1" 200 1735
::1 - - [31/Aug/2016:12:23:56 +0800] "GET /Cloud_Cheetah_Website_Updated/vendors/datatables.net-responsive-bs/css/responsive.bootstrap.min.css HTTP/1.1" 200 3921
::1 - - [31/Aug/2016:12:23:56 +0800] "GET /Cloud_Cheetah_Website_Updated/vendors/datatables.net-bs/css/dataTables.bootstrap.min.css HTTP/1.1" 200 4216
::1 - - [31/Aug/2016:12:23:56 +0800] "GET /Cloud_Cheetah_Website_Updated/vendors/datatables.net/js/jquery.dataTables.min.js HTTP/1.1" 200 82638
::1 - - [31/Aug/2016:12:23:56 +0800] "GET /Cloud_Cheetah_Website_Updated/vendors/datatables.net-buttons/js/buttons.flash.min.js HTTP/1.1" 200 21956
::1 - - [31/Aug/2016:12:23:56 +0800] "GET /Cloud_Cheetah_Website_Updated/vendors/datatables.net-buttons/js/dataTables.buttons.min.js HTTP/1.1" 200 15661
::1 - - [31/Aug/2016:12:23:56 +0800] "GET /Cloud_Cheetah_Website_Updated/vendors/iCheck/icheck.min.js HTTP/1.1" 200 4931
::1 - - [31/Aug/2016:12:23:56 +0800] "GET /Cloud_Cheetah_Website_Updated/vendors/datatables.net-bs/js/dataTables.bootstrap.min.js HTTP/1.1" 200 1960
::1 - - [31/Aug/2016:12:23:56 +0800] "GET /Cloud_Cheetah_Website_Updated/vendors/datatables.net-buttons-bs/js/buttons.bootstrap.min.js HTTP/1.1" 200 939
::1 - - [31/Aug/2016:12:23:56 +0800] "GET /Cloud_Cheetah_Website_Updated/vendors/datatables.net-buttons/js/buttons.html5.min.js HTTP/1.1" 200 20463
::1 - - [31/Aug/2016:12:23:56 +0800] "GET /Cloud_Cheetah_Website_Updated/vendors/datatables.net-fixedheader/js/dataTables.fixedHeader.min.js HTTP/1.1" 200 6652
::1 - - [31/Aug/2016:12:23:56 +0800] "GET /Cloud_Cheetah_Website_Updated/vendors/datatables.net-buttons/js/buttons.print.min.js HTTP/1.1" 200 1694
::1 - - [31/Aug/2016:12:23:56 +0800] "GET /Cloud_Cheetah_Website_Updated/vendors/datatables.net-responsive/js/dataTables.responsive.min.js HTTP/1.1" 200 11056
::1 - - [31/Aug/2016:12:23:56 +0800] "GET /Cloud_Cheetah_Website_Updated/vendors/datatables.net-keytable/js/dataTables.keyTable.min.js HTTP/1.1" 200 7094
::1 - - [31/Aug/2016:12:23:56 +0800] "GET /Cloud_Cheetah_Website_Updated/vendors/datatables.net-responsive-bs/js/responsive.bootstrap.js HTTP/1.1" 200 1892
::1 - - [31/Aug/2016:12:23:56 +0800] "GET /Cloud_Cheetah_Website_Updated/vendors/datatables.net-scroller/js/datatables.scroller.min.js HTTP/1.1" 200 11373
::1 - - [31/Aug/2016:12:23:56 +0800] "GET /Cloud_Cheetah_Website_Updated/vendors/pdfmake/build/pdfmake.min.js HTTP/1.1" 404 264
::1 - - [31/Aug/2016:12:23:56 +0800] "GET /Cloud_Cheetah_Website_Updated/vendors/jszip/dist/jszip.min.js HTTP/1.1" 200 80025
::1 - - [31/Aug/2016:12:23:56 +0800] "GET /Cloud_Cheetah_Website_Updated/vendors/pdfmake/build/vfs_fonts.js HTTP/1.1" 404 262
::1 - - [31/Aug/2016:12:23:56 +0800] "GET /Cloud_Cheetah_Website_Updated/vendors/pdfmake/build/pdfmake.min.js HTTP/1.1" 404 264
::1 - - [31/Aug/2016:12:23:56 +0800] "GET /Cloud_Cheetah_Website_Updated/vendors/pdfmake/build/vfs_fonts.js HTTP/1.1" 404 262
::1 - - [31/Aug/2016:12:24:00 +0800] "GET /Cloud_Cheetah_Website_Updated/production/chart1.html HTTP/1.1" 200 14833
::1 - - [31/Aug/2016:12:24:00 +0800] "GET /Cloud_Cheetah_Website_Updated/vendors/Chart.js/dist/Chart.min.js HTTP/1.1" 200 147169
