2016-08-30 15:05:26 6844 [Note] Plugin 'FEDERATED' is disabled.
2016-08-30 15:05:26 6844 [Note] InnoDB: The InnoDB memory heap is disabled
2016-08-30 15:05:26 6844 [Note] InnoDB: Mutexes and rw_locks use Windows interlocked functions
2016-08-30 15:05:26 6844 [Note] InnoDB: Compressed tables use zlib 1.2.3
2016-08-30 15:05:26 6844 [Note] InnoDB: Not using CPU crc32 instructions
2016-08-30 15:05:26 6844 [Note] InnoDB: Initializing buffer pool, size = 128.0M
2016-08-30 15:05:26 6844 [Note] InnoDB: Completed initialization of buffer pool
2016-08-30 15:05:26 6844 [Note] InnoDB: Setting log file C:\Users\PC1\Desktop\usbwebserver\mysql\data\ib_logfile101 size to 5 MB
2016-08-30 15:05:26 6844 [Note] InnoDB: Setting log file C:\Users\PC1\Desktop\usbwebserver\mysql\data\ib_logfile1 size to 5 MB
2016-08-30 15:05:28 6844 [Note] InnoDB: Renaming log file C:\Users\PC1\Desktop\usbwebserver\mysql\data\ib_logfile101 to C:\Users\PC1\Desktop\usbwebserver\mysql\data\ib_logfile0
2016-08-30 15:05:28 6844 [Warning] InnoDB: New log files created, LSN=1626134
2016-08-30 15:05:28 6844 [Note] InnoDB: Highest supported file format is Barracuda.
2016-08-30 15:05:33 6844 [Note] InnoDB: 128 rollback segment(s) are active.
2016-08-30 15:05:33 6844 [Note] InnoDB: Waiting for purge to start
2016-08-30 15:05:33 6844 [Note] InnoDB: 5.6.13 started; log sequence number 1626636
2016-08-30 15:05:33 6844 [Warning] No existing UUID has been found, so we assume that this is the first time that this server has been started. Generating a new UUID: 24c1167c-6e80-11e6-a369-eca86baf7304.
2016-08-30 15:05:33 6844 [Note] Server hostname (bind-address): '*'; port: 3307
2016-08-30 15:05:33 6844 [Note] IPv6 is available.
2016-08-30 15:05:33 6844 [Note]   - '::' resolves to '::';
2016-08-30 15:05:33 6844 [Note] Server socket created on IP: '::'.
2016-08-30 15:05:33 6844 [Note] Event Scheduler: Loaded 0 events
2016-08-30 15:05:33 6844 [Note] C:\Users\PC1\Desktop\usbwebserver/mysql/bin/mysqld_usbwv8.exe: ready for connections.
Version: '5.6.13'  socket: ''  port: 3307  MySQL Community Server (GPL)
2016-08-31 06:59:04 2284 [Note] Plugin 'FEDERATED' is disabled.
2016-08-31 06:59:05 2284 [Note] InnoDB: The InnoDB memory heap is disabled
2016-08-31 06:59:05 2284 [Note] InnoDB: Mutexes and rw_locks use Windows interlocked functions
2016-08-31 06:59:05 2284 [Note] InnoDB: Compressed tables use zlib 1.2.3
2016-08-31 06:59:05 2284 [Note] InnoDB: Not using CPU crc32 instructions
2016-08-31 06:59:05 2284 [Note] InnoDB: Initializing buffer pool, size = 128.0M
2016-08-31 06:59:05 2284 [Note] InnoDB: Completed initialization of buffer pool
2016-08-31 06:59:06 2284 [Note] InnoDB: Highest supported file format is Barracuda.
2016-08-31 06:59:07 2284 [Note] InnoDB: The log sequence numbers 1626134 and 1626134 in ibdata files do not match the log sequence number 1626646 in the ib_logfiles!
2016-08-31 06:59:07 2284 [Note] InnoDB: Database was not shutdown normally!
2016-08-31 06:59:07 2284 [Note] InnoDB: Starting crash recovery.
2016-08-31 06:59:07 2284 [Note] InnoDB: Reading tablespace information from the .ibd files...
2016-08-31 06:59:07 2284 [Note] InnoDB: Restoring possible half-written data pages 
2016-08-31 06:59:07 2284 [Note] InnoDB: from the doublewrite buffer...
2016-08-31 06:59:09 2284 [Note] InnoDB: 128 rollback segment(s) are active.
2016-08-31 06:59:09 2284 [Note] InnoDB: Waiting for purge to start
2016-08-31 06:59:10 2284 [Note] InnoDB: 5.6.13 started; log sequence number 1626646
2016-08-31 06:59:10 2284 [Note] Server hostname (bind-address): '*'; port: 3307
2016-08-31 06:59:10 2284 [Note] IPv6 is available.
2016-08-31 06:59:10 2284 [Note]   - '::' resolves to '::';
2016-08-31 06:59:10 2284 [Note] Server socket created on IP: '::'.
2016-08-31 06:59:13 2284 [Note] Event Scheduler: Loaded 0 events
2016-08-31 06:59:13 2284 [Note] C:\Users\PC1\Desktop\usbwebserver/mysql/bin/mysqld_usbwv8.exe: ready for connections.
Version: '5.6.13'  socket: ''  port: 3307  MySQL Community Server (GPL)
2016-08-31 11:53:05 4124 [Note] Plugin 'FEDERATED' is disabled.
2016-08-31 11:53:05 4124 [Note] InnoDB: The InnoDB memory heap is disabled
2016-08-31 11:53:05 4124 [Note] InnoDB: Mutexes and rw_locks use Windows interlocked functions
2016-08-31 11:53:05 4124 [Note] InnoDB: Compressed tables use zlib 1.2.3
2016-08-31 11:53:05 4124 [Note] InnoDB: Not using CPU crc32 instructions
2016-08-31 11:53:05 4124 [Note] InnoDB: Initializing buffer pool, size = 128.0M
2016-08-31 11:53:05 4124 [Note] InnoDB: Completed initialization of buffer pool
2016-08-31 11:53:05 4124 [Note] InnoDB: Highest supported file format is Barracuda.
2016-08-31 11:53:06 4124 [Note] InnoDB: The log sequence numbers 1626134 and 1626134 in ibdata files do not match the log sequence number 1626656 in the ib_logfiles!
2016-08-31 11:53:06 4124 [Note] InnoDB: Database was not shutdown normally!
2016-08-31 11:53:06 4124 [Note] InnoDB: Starting crash recovery.
2016-08-31 11:53:06 4124 [Note] InnoDB: Reading tablespace information from the .ibd files...
2016-08-31 11:53:06 4124 [Note] InnoDB: Restoring possible half-written data pages 
2016-08-31 11:53:06 4124 [Note] InnoDB: from the doublewrite buffer...
2016-08-31 11:53:06 4124 [Note] InnoDB: 128 rollback segment(s) are active.
2016-08-31 11:53:06 4124 [Note] InnoDB: Waiting for purge to start
2016-08-31 11:53:06 4124 [Note] InnoDB: 5.6.13 started; log sequence number 1626656
2016-08-31 11:53:06 4124 [Note] Server hostname (bind-address): '*'; port: 3307
2016-08-31 11:53:06 4124 [Note] IPv6 is available.
2016-08-31 11:53:06 4124 [Note]   - '::' resolves to '::';
2016-08-31 11:53:06 4124 [Note] Server socket created on IP: '::'.
2016-08-31 11:53:09 4124 [Note] Event Scheduler: Loaded 0 events
2016-08-31 11:53:09 4124 [Note] C:\Users\PC1\Documents\GitHub\CloudCheetah-Web\usbwebserver/mysql/bin/mysqld_usbwv8.exe: ready for connections.
Version: '5.6.13'  socket: ''  port: 3307  MySQL Community Server (GPL)
